2022-09-08 14:15:53.8637|TRACE|Performance.RuntimePluginScanner|00:00:00.5215116 Loaded plugins (569).
2022-09-08 14:15:54.3589|TRACE|Performance.DatabaseUpdate|00:00:03.7324832 Modules and plugins registered.
2022-09-08 14:15:54.6465|TRACE|Performance.DataMigrationScriptsFile|00:00:00.2719326 Loaded 12 scripts from generated file.
2022-09-08 14:15:54.6797|TRACE|Performance.DatabaseModelFile|00:00:00.0323484 Load.
2022-09-08 14:15:55.9534|TRACE|Performance.DatabaseAnalysis|00:00:00.3104755 Loaded old concept applications.
2022-09-08 14:15:55.9534|TRACE|Performance.DatabaseAnalysis|00:00:00.0026584 Got new concept applications.
2022-09-08 14:15:55.9614|TRACE|Performance.DatabaseAnalysis|00:00:00.0052862 Match new and old concept applications.
2022-09-08 14:15:55.9614|TRACE|Performance.DatabaseAnalysis|00:00:00.0002385 Verify new concept applications' integrity.
2022-09-08 14:15:55.9720|TRACE|Performance.DatabaseAnalysis|00:00:00.0103916 Removed unused concept applications.
2022-09-08 14:15:55.9720|TRACE|Performance.DatabaseAnalysis|00:00:00.0060749 Analyzed differences in database structure.
2022-09-08 14:15:55.9720|TRACE|Performance.DatabaseGenerator|00:00:00.3357284 Database diff analysis.
2022-09-08 14:15:55.9720|TRACE|Performance.DatabaseGenerator|00:00:00.0024586 Log analysis results.
2022-09-08 14:15:55.9720|TRACE|Performance.DatabaseGenerator|00:00:00.0015605 ApplyChangesToDatabase: Prepared SQL scripts for removing concept applications.
2022-09-08 14:15:55.9720|TRACE|Performance.DatabaseGenerator|00:00:00.0039748 ApplyChangesToDatabase: Prepared SQL scripts for updating unchanged concept applications' metadata.
2022-09-08 14:15:55.9877|TRACE|Performance.DatabaseGenerator|00:00:00.0012221 ApplyChangesToDatabase: Prepared SQL scripts for inserting concept applications.
2022-09-08 14:15:55.9877|TRACE|Performance.DatabaseGenerator|00:00:00.0000623 ApplyChangesToDatabase: Executed 0 SQL scripts.
2022-09-08 14:15:55.9877|TRACE|Performance.DatabaseGenerator|00:00:00.0071615 Applied changes to database.
2022-09-08 14:15:55.9877|TRACE|Performance.DatabaseGenerator|00:00:00.0076738 Verified integrity of saved concept applications metadata.
2022-09-08 14:15:55.9877|TRACE|Performance.DatabaseGenerator|00:00:00.3530476 UpdateDatabaseStructure
2022-09-08 14:15:56.0389|TRACE|Performance.RuntimePluginScanner|00:00:00.0157778 Loaded plugins (569).
2022-09-08 14:15:57.1660|TRACE|Performance.MetadataWorkspaceFileProvider|00:00:00.0371329 Checked if ProviderManifestToken is set.
2022-09-08 14:15:57.1660|TRACE|Performance.MetadataWorkspaceFileProvider|00:00:00.0020515 Initialized ServerDomEdm.ssdl.
2022-09-08 14:15:57.5999|TRACE|Performance.MetadataWorkspaceFileProvider|00:00:00.4318793 Load EDM files.
2022-09-08 14:15:57.6614|TRACE|Performance.EfMappingViewsInitializer|00:00:00.5327148 Calculated hash for current model.
2022-09-08 14:15:57.7905|TRACE|Performance.DslModelFile|00:00:00.1268591 Load.
2022-09-08 14:15:57.8313|TRACE|Performance.DslModelFile|00:00:00.1678174 Initialize (843 concepts).
2022-09-08 14:15:57.8313|TRACE|Performance.EfMappingViewsInitializer|00:00:00.1843578 Calculated additional hash.
2022-09-08 14:15:57.8510|TRACE|Performance.EfMappingViewsFileStore|00:00:00.0049198 Loaded and deserialized views from 'C:\Omega\Bookstore\Bookstore.Service\bin\Debug\net6.0\EfMappingGeneratedViews.json'.
2022-09-08 14:15:57.8689|TRACE|Performance.ApplicationInitialization|00:00:01.8554659 New modules and plugins registered.
2022-09-08 14:15:57.8804|TRACE|Performance.ClaimGenerator|00:00:00.0098112 Generate new claims.
2022-09-08 14:15:57.8804|TRACE|Performance.GenericRepository(Common.Claim)|00:00:00.0001133 InsertOrUpdateOrDeleteOrDeactivate: Initialize new items (120)
2022-09-08 14:15:58.1437|TRACE|Performance.EfMappingViewsFileStore|00:00:00.0003864 Loaded and deserialized views from 'C:\Omega\Bookstore\Bookstore.Service\bin\Debug\net6.0\EfMappingGeneratedViews.json'.
2022-09-08 14:15:58.3654|TRACE|Performance.GenericRepository(Common.Claim)|00:00:00.4829304 InsertOrUpdateOrDeleteOrDeactivate: Load old items (120)
2022-09-08 14:15:58.3654|TRACE|Performance.GenericRepository(Common.Claim)|00:00:00.0039977 InsertOrUpdateOrDeleteOrDeactivate: Diff (120 new items, 120 old items, 0 to insert, 0 to update, 0 to delete)
2022-09-08 14:15:58.6744|TRACE|Performance.GenericRepository(Common.Claim)|00:00:00.3043315 InsertOrUpdateOrDeleteOrDeactivate: Deactivate (0 to deactivate, 0 already deactivated)
2022-09-08 14:15:58.6806|TRACE|Performance.GenericRepository(Common.Claim)|00:00:00.0059244 InsertOrUpdateOrDeleteOrDeactivate: Save (120 new items, 120 old items, 0 to insert, 0 to update, 0 to delete)
2022-09-08 14:15:58.6806|TRACE|Performance.ClaimGenerator|00:00:00.8002745 Save claims.
2022-09-08 14:15:58.6971|TRACE|Performance.KeepSynchronizedRecomputeOnDeploy|00:00:00.0135919 Load metadata.
2022-09-08 14:15:58.6971|TRACE|Performance.KeepSynchronizedRecomputeOnDeploy|00:00:00.0012741 Save metadata.
